2023-11-24 10:05:21.420  INFO 15736 --- [main] com.example.Application                  : Starting Application on LAPTOP-TS5R94B2 with PID 15736 (started by 21006 in D:\IDEA\体育场管理系统 - 副本)
2023-11-24 10:05:21.429  INFO 15736 --- [main] com.example.Application                  : No active profile set, falling back to default profiles: default
2023-11-24 10:05:22.082  WARN 15736 --- [main] o.m.s.mapper.ClassPathMapperScanner      : No MyBatis mapper was found in '[com.example]' package. Please check your configuration.
2023-11-24 10:05:22.653  INFO 15736 --- [main] o.s.b.w.embedded.tomcat.TomcatWebServer  : Tomcat initialized with port(s): 8888 (http)
2023-11-24 10:05:22.668  INFO 15736 --- [main] o.apache.catalina.core.StandardService   : Starting service [Tomcat]
2023-11-24 10:05:22.670  INFO 15736 --- [main] org.apache.catalina.core.StandardEngine  : Starting Servlet Engine: Apache Tomcat/9.0.12
2023-11-24 10:05:22.676  INFO 15736 --- [main] o.a.catalina.core.AprLifecycleListener   : Loaded APR based Apache Tomcat Native library [1.2.36] using APR version [1.7.2].
2023-11-24 10:05:22.676  INFO 15736 --- [main] o.a.catalina.core.AprLifecycleListener   : APR capabilities: IPv6 [true], sendfile [true], accept filters [false], random [true].
2023-11-24 10:05:22.676  INFO 15736 --- [main] o.a.catalina.core.AprLifecycleListener   : APR/OpenSSL configuration: useAprConnector [false], useOpenSSL [true]
2023-11-24 10:05:22.689  INFO 15736 --- [main] o.a.catalina.core.AprLifecycleListener   : OpenSSL successfully initialized [OpenSSL 1.1.1t  7 Feb 2023]
2023-11-24 10:05:22.832  INFO 15736 --- [main] o.a.c.c.C.[Tomcat].[localhost].[/]       : Initializing Spring embedded WebApplicationContext
2023-11-24 10:05:22.832  INFO 15736 --- [main] o.s.web.context.ContextLoader            : Root WebApplicationContext: initialization completed in 1356 ms
2023-11-24 10:05:22.861  INFO 15736 --- [main] o.s.b.w.servlet.ServletRegistrationBean  : Servlet dispatcherServlet mapped to [/]
2023-11-24 10:05:22.868  INFO 15736 --- [main] o.s.b.w.servlet.FilterRegistrationBean   : Mapping filter: 'characterEncodingFilter' to: [/*]
2023-11-24 10:05:22.868  INFO 15736 --- [main] o.s.b.w.servlet.FilterRegistrationBean   : Mapping filter: 'hiddenHttpMethodFilter' to: [/*]
2023-11-24 10:05:22.868  INFO 15736 --- [main] o.s.b.w.servlet.FilterRegistrationBean   : Mapping filter: 'formContentFilter' to: [/*]
2023-11-24 10:05:22.868  INFO 15736 --- [main] o.s.b.w.servlet.FilterRegistrationBean   : Mapping filter: 'requestContextFilter' to: [/*]
2023-11-24 10:05:23.538  INFO 15736 --- [main] o.s.s.concurrent.ThreadPoolTaskExecutor  : Initializing ExecutorService 'applicationTaskExecutor'
2023-11-24 10:05:23.659  WARN 15736 --- [main] ion$DefaultTemplateResolverConfiguration : Cannot find template location: classpath:/templates/ (please add some templates or check your Thymeleaf configuration)
2023-11-24 10:05:23.850  INFO 15736 --- [main] o.s.b.w.embedded.tomcat.TomcatWebServer  : Tomcat started on port(s): 8888 (http) with context path ''
2023-11-24 10:05:23.854  INFO 15736 --- [main] com.example.Application                  : Started Application in 2.827 seconds (JVM running for 5.253)
2023-11-24 10:05:23.858  INFO 15736 --- [main] com.example.common.config.OpenBrowser    : 项目启动成功……
2023-11-24 10:05:26.433  INFO 15736 --- [http-nio-8888-exec-1] o.a.c.c.C.[Tomcat].[localhost].[/]       : Initializing Spring DispatcherServlet 'dispatcherServlet'
2023-11-24 10:05:26.434  INFO 15736 --- [http-nio-8888-exec-1] o.s.web.servlet.DispatcherServlet        : Initializing Servlet 'dispatcherServlet'
2023-11-24 10:05:26.441  INFO 15736 --- [http-nio-8888-exec-1] o.s.web.servlet.DispatcherServlet        : Completed initialization in 7 ms
2023-11-24 10:05:42.675  INFO 15736 --- [http-nio-8888-exec-10] com.zaxxer.hikari.HikariDataSource       : HikariPool-1 - Starting...
2023-11-24 10:05:42.884  INFO 15736 --- [http-nio-8888-exec-10] com.zaxxer.hikari.HikariDataSource       : HikariPool-1 - Start completed.
2023-11-24 10:24:09.672  INFO 15736 --- [Thread-7] o.s.s.concurrent.ThreadPoolTaskExecutor  : Shutting down ExecutorService 'applicationTaskExecutor'
2023-11-24 10:24:09.676  INFO 15736 --- [Thread-7] com.zaxxer.hikari.HikariDataSource       : HikariPool-1 - Shutdown initiated...
2023-11-24 10:24:09.685  INFO 15736 --- [Thread-7] com.zaxxer.hikari.HikariDataSource       : HikariPool-1 - Shutdown completed.
